<?xml version="1.0" encoding="UTF-8"?>
<!-- Generated by org.testng.reporters.JUnitReportReporter -->
<testsuite name="ug.tests.HomeTest" tests="1" time="47.777" ignored="0" failures="0" timestamp="22 Jan 2021 11:14:30 GMT" skipped="0" hostname="ws-01-043" errors="0">
  <testcase name="verifyFooterDataScienceLink" time="47.777" classname="ug.tests.HomeTest"/>
</testsuite> <!-- ug.tests.HomeTest -->
