<?xml version="1.0" encoding="UTF-8"?>
<!-- Generated by org.testng.reporters.JUnitReportReporter -->
<testsuite hostname="ws-01-043" name="ug.tests.NavigationTest" tests="2" failures="0" timestamp="23 Jan 2021 09:59:37 GMT" time="300.330" errors="0">
  <testcase name="verifyHeaderDataScienceLink" time="111.634" classname="ug.tests.NavigationTest"/>
  <testcase name="verifyFooterDataScienceLink" time="188.696" classname="ug.tests.NavigationTest"/>
</testsuite> <!-- ug.tests.NavigationTest -->
